To github.com:TeamWebLux/gangster.git
   231d964..bebb21b  main -> main
[main bebb21b] Auto-commit: Wed May 22 02:24:34 PM UTC 2024
 1 file changed, 2 insertions(+)
 create mode 100644 nohup.out
Everything up-to-date
Setting up watches.  Beware: since -r was given, this may take a while!
Watches established.
File /var/www/gangster777/data/www/gangster777.app/nohup.out modified, committing changes...
To github.com:TeamWebLux/gangster.git
   bebb21b..090824e  main -> main
[main 090824e] Auto-commit: Wed May 22 02:24:35 PM UTC 2024
 1 file changed, 11 insertions(+)
Everything up-to-date
File /var/www/gangster777/data/www/gangster777.app/nohup.out modified, committing changes...
To github.com:TeamWebLux/gangster.git
   090824e..dd2aea6  main -> main
[main dd2aea6] Auto-commit: Wed May 22 02:24:36 PM UTC 2024
 1 file changed, 8 insertions(+)
Everything up-to-date
File /var/www/gangster777/data/www/gangster777.app/.git/index.lock modified, committing changes...
To github.com:TeamWebLux/gangster.git
   dd2aea6..d3e39e5  main -> main
[main d3e39e5] Auto-commit: Wed May 22 02:24:37 PM UTC 2024
 1 file changed, 8 insertions(+)
Everything up-to-date
File /var/www/gangster777/data/www/gangster777.app/.git/objects/08 modified, committing changes...
